{"/Users/aleksastankovic/www/ivy-framework/src/Config/index.js":{"path":"/Users/aleksastankovic/www/ivy-framework/src/Config/index.js","s":{"1":1,"2":1,"3":1,"4":1,"5":2,"6":1,"7":2,"8":1},"b":{"1":[1,1]},"f":{"1":1,"2":1,"3":1,"4":2,"5":1,"6":2},"fnMap":{"1":{"name":"(anonymous_1)","line":5,"loc":{"start":{"line":5,"column":15},"end":{"line":5,"column":18}}},"2":{"name":"(anonymous_2)","line":12,"loc":{"start":{"line":12,"column":18},"end":{"line":12,"column":21}}},"3":{"name":"(anonymous_3)","line":23,"loc":{"start":{"line":23,"column":19},"end":{"line":23,"column":26}}},"4":{"name":"(anonymous_4)","line":37,"loc":{"start":{"line":37,"column":7},"end":{"line":37,"column":27}}},"5":{"name":"(anonymous_5)","line":47,"loc":{"start":{"line":47,"column":14},"end":{"line":47,"column":39}}},"6":{"name":"(anonymous_6)","line":57,"loc":{"start":{"line":57,"column":7},"end":{"line":57,"column":32}}}},"statementMap":{"1":{"start":{"line":1,"column":0},"end":{"line":2,"column":53}},"2":{"start":{"line":6,"column":8},"end":{"line":6,"column":42}},"3":{"start":{"line":13,"column":8},"end":{"line":15,"column":11}},"4":{"start":{"line":24,"column":8},"end":{"line":26,"column":11}},"5":{"start":{"line":38,"column":8},"end":{"line":38,"column":68}},"6":{"start":{"line":48,"column":8},"end":{"line":48,"column":57}},"7":{"start":{"line":58,"column":8},"end":{"line":58,"column":70}},"8":{"start":{"line":62,"column":0},"end":{"line":62,"column":24}}},"branchMap":{"1":{"line":38,"type":"cond-expr","locations":[{"start":{"line":38,"column":36},"end":{"line":38,"column":52}},{"start":{"line":38,"column":55},"end":{"line":38,"column":67}}]}}},"/Users/aleksastankovic/www/ivy-framework/src/Util/ObjectHelper.js":{"path":"/Users/aleksastankovic/www/ivy-framework/src/Util/ObjectHelper.js","s":{"1":2,"2":18,"3":9,"4":3,"5":1,"6":2,"7":6,"8":1,"9":5,"10":1,"11":4,"12":4,"13":9,"14":7,"15":2,"16":2,"17":1},"b":{"1":[1,2],"2":[1,1],"3":[1,5],"4":[1,4],"5":[7,2]},"f":{"1":2,"2":18,"3":9,"4":3,"5":6},"fnMap":{"1":{"name":"(anonymous_1)","line":2,"loc":{"start":{"line":2,"column":15},"end":{"line":2,"column":18}}},"2":{"name":"(anonymous_2)","line":13,"loc":{"start":{"line":13,"column":19},"end":{"line":13,"column":37}}},"3":{"name":"(anonymous_3)","line":23,"loc":{"start":{"line":23,"column":7},"end":{"line":23,"column":13}}},"4":{"name":"(anonymous_4)","line":34,"loc":{"start":{"line":34,"column":7},"end":{"line":34,"column":27}}},"5":{"name":"(anonymous_5)","line":48,"loc":{"start":{"line":48,"column":22},"end":{"line":48,"column":42}}}},"statementMap":{"1":{"start":{"line":3,"column":8},"end":{"line":3,"column":29}},"2":{"start":{"line":14,"column":8},"end":{"line":14,"column":33}},"3":{"start":{"line":24,"column":8},"end":{"line":24,"column":58}},"4":{"start":{"line":35,"column":8},"end":{"line":36,"column":25}},"5":{"start":{"line":36,"column":12},"end":{"line":36,"column":25}},"6":{"start":{"line":38,"column":8},"end":{"line":38,"column":67}},"7":{"start":{"line":49,"column":8},"end":{"line":50,"column":25}},"8":{"start":{"line":50,"column":12},"end":{"line":50,"column":25}},"9":{"start":{"line":52,"column":8},"end":{"line":53,"column":40}},"10":{"start":{"line":53,"column":12},"end":{"line":53,"column":40}},"11":{"start":{"line":55,"column":8},"end":{"line":56,"column":39}},"12":{"start":{"line":58,"column":8},"end":{"line":63,"column":9}},"13":{"start":{"line":59,"column":12},"end":{"line":62,"column":36}},"14":{"start":{"line":60,"column":16},"end":{"line":60,"column":53}},"15":{"start":{"line":62,"column":16},"end":{"line":62,"column":36}},"16":{"start":{"line":64,"column":8},"end":{"line":64,"column":24}},"17":{"start":{"line":68,"column":0},"end":{"line":68,"column":30}}},"branchMap":{"1":{"line":35,"type":"if","locations":[{"start":{"line":35,"column":8},"end":{"line":35,"column":8}},{"start":{"line":35,"column":8},"end":{"line":35,"column":8}}]},"2":{"line":38,"type":"cond-expr","locations":[{"start":{"line":38,"column":31},"end":{"line":38,"column":51}},{"start":{"line":38,"column":54},"end":{"line":38,"column":66}}]},"3":{"line":49,"type":"if","locations":[{"start":{"line":49,"column":8},"end":{"line":49,"column":8}},{"start":{"line":49,"column":8},"end":{"line":49,"column":8}}]},"4":{"line":52,"type":"if","locations":[{"start":{"line":52,"column":8},"end":{"line":52,"column":8}},{"start":{"line":52,"column":8},"end":{"line":52,"column":8}}]},"5":{"line":59,"type":"if","locations":[{"start":{"line":59,"column":12},"end":{"line":59,"column":12}},{"start":{"line":59,"column":12},"end":{"line":59,"column":12}}]}}},"/Users/aleksastankovic/www/ivy-framework/src/Ioc/index.js":{"path":"/Users/aleksastankovic/www/ivy-framework/src/Ioc/index.js","s":{"1":1,"2":1,"3":1,"4":1,"5":1,"6":4,"7":4,"8":2,"9":4,"10":1,"11":3,"12":3,"13":2,"14":3,"15":1,"16":1,"17":5,"18":5,"19":4,"20":1,"21":6,"22":6,"23":2,"24":4,"25":2,"26":2,"27":1,"28":1,"29":1,"30":1,"31":1,"32":1,"33":1,"34":1,"35":1},"b":{"1":[2,2],"2":[4,3],"3":[1,3],"4":[4,3],"5":[2,1],"6":[4,1],"7":[2,4],"8":[2,2],"9":[1,1]},"f":{"1":1,"2":4,"3":4,"4":1,"5":1,"6":5,"7":6,"8":1},"fnMap":{"1":{"name":"(anonymous_1)","line":14,"loc":{"start":{"line":14,"column":22},"end":{"line":14,"column":25}}},"2":{"name":"(anonymous_2)","line":31,"loc":{"start":{"line":31,"column":15},"end":{"line":31,"column":73}}},"3":{"name":"(anonymous_3)","line":48,"loc":{"start":{"line":48,"column":22},"end":{"line":48,"column":54}}},"4":{"name":"(anonymous_4)","line":66,"loc":{"start":{"line":66,"column":20},"end":{"line":66,"column":41}}},"5":{"name":"(anonymous_5)","line":76,"loc":{"start":{"line":76,"column":16},"end":{"line":76,"column":35}}},"6":{"name":"(anonymous_6)","line":86,"loc":{"start":{"line":86,"column":14},"end":{"line":86,"column":26}}},"7":{"name":"(anonymous_7)","line":101,"loc":{"start":{"line":101,"column":25},"end":{"line":101,"column":37}}},"8":{"name":"(anonymous_8)","line":124,"loc":{"start":{"line":124,"column":20},"end":{"line":124,"column":59}}}},"statementMap":{"1":{"start":{"line":2,"column":0},"end":{"line":2,"column":21}},"2":{"start":{"line":3,"column":0},"end":{"line":3,"column":19}},"3":{"start":{"line":4,"column":0},"end":{"line":4,"column":16}},"4":{"start":{"line":5,"column":0},"end":{"line":5,"column":20}},"5":{"start":{"line":15,"column":8},"end":{"line":20,"column":9}},"6":{"start":{"line":32,"column":8},"end":{"line":35,"column":10}},"7":{"start":{"line":37,"column":8},"end":{"line":38,"column":59}},"8":{"start":{"line":38,"column":12},"end":{"line":38,"column":59}},"9":{"start":{"line":49,"column":8},"end":{"line":50,"column":41}},"10":{"start":{"line":50,"column":12},"end":{"line":50,"column":41}},"11":{"start":{"line":52,"column":8},"end":{"line":52,"column":33}},"12":{"start":{"line":54,"column":8},"end":{"line":55,"column":45}},"13":{"start":{"line":55,"column":12},"end":{"line":55,"column":45}},"14":{"start":{"line":57,"column":8},"end":{"line":57,"column":24}},"15":{"start":{"line":67,"column":8},"end":{"line":67,"column":41}},"16":{"start":{"line":77,"column":8},"end":{"line":77,"column":34}},"17":{"start":{"line":87,"column":8},"end":{"line":87,"column":20}},"18":{"start":{"line":89,"column":8},"end":{"line":90,"column":27}},"19":{"start":{"line":90,"column":12},"end":{"line":90,"column":27}},"20":{"start":{"line":92,"column":8},"end":{"line":92,"column":61}},"21":{"start":{"line":102,"column":8},"end":{"line":102,"column":19}},"22":{"start":{"line":104,"column":8},"end":{"line":105,"column":80}},"23":{"start":{"line":105,"column":12},"end":{"line":105,"column":80}},"24":{"start":{"line":107,"column":8},"end":{"line":108,"column":26}},"25":{"start":{"line":108,"column":12},"end":{"line":108,"column":26}},"26":{"start":{"line":110,"column":8},"end":{"line":111,"column":46}},"27":{"start":{"line":111,"column":12},"end":{"line":111,"column":46}},"28":{"start":{"line":113,"column":8},"end":{"line":113,"column":21}},"29":{"start":{"line":125,"column":8},"end":{"line":125,"column":60}},"30":{"start":{"line":130,"column":0},"end":{"line":130,"column":21}},"31":{"start":{"line":131,"column":0},"end":{"line":131,"column":33}},"32":{"start":{"line":132,"column":0},"end":{"line":132,"column":33}},"33":{"start":{"line":133,"column":0},"end":{"line":133,"column":25}},"34":{"start":{"line":134,"column":0},"end":{"line":134,"column":23}},"35":{"start":{"line":136,"column":0},"end":{"line":136,"column":21}}},"branchMap":{"1":{"line":37,"type":"if","locations":[{"start":{"line":37,"column":8},"end":{"line":37,"column":8}},{"start":{"line":37,"column":8},"end":{"line":37,"column":8}}]},"2":{"line":37,"type":"binary-expr","locations":[{"start":{"line":37,"column":12},"end":{"line":37,"column":21}},{"start":{"line":37,"column":25},"end":{"line":37,"column":34}}]},"3":{"line":49,"type":"if","locations":[{"start":{"line":49,"column":8},"end":{"line":49,"column":8}},{"start":{"line":49,"column":8},"end":{"line":49,"column":8}}]},"4":{"line":49,"type":"binary-expr","locations":[{"start":{"line":49,"column":12},"end":{"line":49,"column":21}},{"start":{"line":49,"column":25},"end":{"line":49,"column":46}}]},"5":{"line":54,"type":"if","locations":[{"start":{"line":54,"column":8},"end":{"line":54,"column":8}},{"start":{"line":54,"column":8},"end":{"line":54,"column":8}}]},"6":{"line":89,"type":"if","locations":[{"start":{"line":89,"column":8},"end":{"line":89,"column":8}},{"start":{"line":89,"column":8},"end":{"line":89,"column":8}}]},"7":{"line":104,"type":"if","locations":[{"start":{"line":104,"column":8},"end":{"line":104,"column":8}},{"start":{"line":104,"column":8},"end":{"line":104,"column":8}}]},"8":{"line":107,"type":"if","locations":[{"start":{"line":107,"column":8},"end":{"line":107,"column":8}},{"start":{"line":107,"column":8},"end":{"line":107,"column":8}}]},"9":{"line":110,"type":"if","locations":[{"start":{"line":110,"column":8},"end":{"line":110,"column":8}},{"start":{"line":110,"column":8},"end":{"line":110,"column":8}}]}}},"/Users/aleksastankovic/www/ivy-framework/src/Router/index.js":{"path":"/Users/aleksastankovic/www/ivy-framework/src/Router/index.js","s":{"1":1,"2":9,"3":9,"4":9,"5":9,"6":9,"7":9,"8":9,"9":5,"10":2,"11":1,"12":1,"13":2,"14":2,"15":1,"16":1,"17":7,"18":1},"b":{"1":[1,1]},"f":{"1":9,"2":9,"3":5,"4":2,"5":1,"6":1,"7":2,"8":7},"fnMap":{"1":{"name":"(anonymous_1)","line":4,"loc":{"start":{"line":4,"column":15},"end":{"line":4,"column":18}}},"2":{"name":"(anonymous_2)","line":20,"loc":{"start":{"line":20,"column":18},"end":{"line":20,"column":55}}},"3":{"name":"(anonymous_3)","line":33,"loc":{"start":{"line":33,"column":7},"end":{"line":33,"column":36}}},"4":{"name":"(anonymous_4)","line":45,"loc":{"start":{"line":45,"column":8},"end":{"line":45,"column":37}}},"5":{"name":"(anonymous_5)","line":57,"loc":{"start":{"line":57,"column":7},"end":{"line":57,"column":36}}},"6":{"name":"(anonymous_6)","line":69,"loc":{"start":{"line":69,"column":10},"end":{"line":69,"column":39}}},"7":{"name":"(anonymous_7)","line":80,"loc":{"start":{"line":80,"column":16},"end":{"line":80,"column":44}}},"8":{"name":"(anonymous_8)","line":95,"loc":{"start":{"line":95,"column":21},"end":{"line":95,"column":37}}}},"statementMap":{"1":{"start":{"line":1,"column":0},"end":{"line":1,"column":36}},"2":{"start":{"line":5,"column":8},"end":{"line":5,"column":36}},"3":{"start":{"line":6,"column":8},"end":{"line":6,"column":37}},"4":{"start":{"line":7,"column":8},"end":{"line":7,"column":36}},"5":{"start":{"line":8,"column":8},"end":{"line":8,"column":39}},"6":{"start":{"line":9,"column":8},"end":{"line":9,"column":29}},"7":{"start":{"line":21,"column":8},"end":{"line":21,"column":55}},"8":{"start":{"line":22,"column":8},"end":{"line":22,"column":83}},"9":{"start":{"line":34,"column":8},"end":{"line":34,"column":70}},"10":{"start":{"line":46,"column":8},"end":{"line":46,"column":71}},"11":{"start":{"line":58,"column":8},"end":{"line":58,"column":70}},"12":{"start":{"line":70,"column":8},"end":{"line":70,"column":73}},"13":{"start":{"line":81,"column":8},"end":{"line":81,"column":65}},"14":{"start":{"line":83,"column":8},"end":{"line":84,"column":38}},"15":{"start":{"line":84,"column":12},"end":{"line":84,"column":38}},"16":{"start":{"line":86,"column":8},"end":{"line":86,"column":42}},"17":{"start":{"line":96,"column":8},"end":{"line":96,"column":50}},"18":{"start":{"line":100,"column":0},"end":{"line":100,"column":24}}},"branchMap":{"1":{"line":83,"type":"if","locations":[{"start":{"line":83,"column":8},"end":{"line":83,"column":8}},{"start":{"line":83,"column":8},"end":{"line":83,"column":8}}]}}}}