TN:
SF:/Users/aleksastankovic/www/ivy-framework/src/Config/index.js
FN:5,(anonymous_1)
FN:12,(anonymous_2)
FN:23,(anonymous_3)
FN:37,(anonymous_4)
FN:47,(anonymous_5)
FN:57,(anonymous_6)
FNF:6
FNH:6
FNDA:1,(anonymous_1)
FNDA:1,(anonymous_2)
FNDA:1,(anonymous_3)
FNDA:2,(anonymous_4)
FNDA:1,(anonymous_5)
FNDA:2,(anonymous_6)
DA:1,1
DA:6,1
DA:13,1
DA:24,1
DA:38,2
DA:48,1
DA:58,2
DA:62,1
LF:8
LH:8
BRDA:38,1,0,1
BRDA:38,1,1,1
BRF:2
BRH:2
end_of_record
TN:
SF:/Users/aleksastankovic/www/ivy-framework/src/Util/ObjectHelper.js
FN:2,(anonymous_1)
FN:13,(anonymous_2)
FN:23,(anonymous_3)
FN:34,(anonymous_4)
FN:48,(anonymous_5)
FNF:5
FNH:5
FNDA:2,(anonymous_1)
FNDA:18,(anonymous_2)
FNDA:9,(anonymous_3)
FNDA:3,(anonymous_4)
FNDA:6,(anonymous_5)
DA:3,2
DA:14,18
DA:24,9
DA:35,3
DA:36,1
DA:38,2
DA:49,6
DA:50,1
DA:52,5
DA:53,1
DA:55,4
DA:58,4
DA:59,9
DA:60,7
DA:62,2
DA:64,2
DA:68,1
LF:17
LH:17
BRDA:35,1,0,1
BRDA:35,1,1,2
BRDA:38,2,0,1
BRDA:38,2,1,1
BRDA:49,3,0,1
BRDA:49,3,1,5
BRDA:52,4,0,1
BRDA:52,4,1,4
BRDA:59,5,0,7
BRDA:59,5,1,2
BRF:10
BRH:10
end_of_record
TN:
SF:/Users/aleksastankovic/www/ivy-framework/src/Ioc/index.js
FN:14,(anonymous_1)
FN:31,(anonymous_2)
FN:48,(anonymous_3)
FN:66,(anonymous_4)
FN:76,(anonymous_5)
FN:86,(anonymous_6)
FN:101,(anonymous_7)
FN:124,(anonymous_8)
FNF:8
FNH:8
FNDA:1,(anonymous_1)
FNDA:4,(anonymous_2)
FNDA:4,(anonymous_3)
FNDA:1,(anonymous_4)
FNDA:1,(anonymous_5)
FNDA:5,(anonymous_6)
FNDA:6,(anonymous_7)
FNDA:1,(anonymous_8)
DA:2,1
DA:3,1
DA:4,1
DA:5,1
DA:15,1
DA:32,4
DA:37,4
DA:38,2
DA:49,4
DA:50,1
DA:52,3
DA:54,3
DA:55,2
DA:57,3
DA:67,1
DA:77,1
DA:87,5
DA:89,5
DA:90,4
DA:92,1
DA:102,6
DA:104,6
DA:105,2
DA:107,4
DA:108,2
DA:110,2
DA:111,1
DA:113,1
DA:125,1
DA:130,1
DA:131,1
DA:132,1
DA:133,1
DA:134,1
DA:136,1
LF:35
LH:35
BRDA:37,1,0,2
BRDA:37,1,1,2
BRDA:37,2,0,4
BRDA:37,2,1,3
BRDA:49,3,0,1
BRDA:49,3,1,3
BRDA:49,4,0,4
BRDA:49,4,1,3
BRDA:54,5,0,2
BRDA:54,5,1,1
BRDA:89,6,0,4
BRDA:89,6,1,1
BRDA:104,7,0,2
BRDA:104,7,1,4
BRDA:107,8,0,2
BRDA:107,8,1,2
BRDA:110,9,0,1
BRDA:110,9,1,1
BRF:18
BRH:18
end_of_record
TN:
SF:/Users/aleksastankovic/www/ivy-framework/src/Router/index.js
FN:4,(anonymous_1)
FN:20,(anonymous_2)
FN:33,(anonymous_3)
FN:45,(anonymous_4)
FN:57,(anonymous_5)
FN:69,(anonymous_6)
FN:80,(anonymous_7)
FN:95,(anonymous_8)
FNF:8
FNH:8
FNDA:9,(anonymous_1)
FNDA:9,(anonymous_2)
FNDA:5,(anonymous_3)
FNDA:2,(anonymous_4)
FNDA:1,(anonymous_5)
FNDA:1,(anonymous_6)
FNDA:2,(anonymous_7)
FNDA:7,(anonymous_8)
DA:1,1
DA:5,9
DA:6,9
DA:7,9
DA:8,9
DA:9,9
DA:21,9
DA:22,9
DA:34,5
DA:46,2
DA:58,1
DA:70,1
DA:81,2
DA:83,2
DA:84,1
DA:86,1
DA:96,7
DA:100,1
LF:18
LH:18
BRDA:83,1,0,1
BRDA:83,1,1,1
BRF:2
BRH:2
end_of_record
